[[[[[ ~/Code/ClinicalFramework/framework-doc-generator/build ]]]]]

=> Started proxy.
=> Started MongoDB.
=> Started your app.

=> App running at: http://localhost:3333/
=> Server modified -- restarting...                                   Your app has been updated to null from Meteor 1.2.1. Restart meteor to use the
new release.
Can't listen on port 3333. Perhaps another Meteor is running?

Running two copies of Meteor in the same application directory
will not work. If something else is using port 3333, you can
specify an alternative port with --port <port>.
[[[[[ ~/Code/ClinicalFramework/framework-doc-generator/webapp ]]]]]

=> Started proxy.
=> Started MongoDB.
=> Started your app.

=> App running at: http://localhost:3333/
=> Client modified -- refreshing[[[[[ ~/Code/ClinicalFramework/framework-doc-generator/webapp ]]]]]

=> Started proxy.
=> Started MongoDB.
=> Started your app.

=> App running at: http://localhost:3333/
=> Client modified -- refreshing